<?xml version="1.0" encoding="UTF-8"?>
<testsuite xmlns:xsi="http://www.w3.org/2001/XMLSchema-instance" xsi:noNamespaceSchemaLocation="https://maven.apache.org/surefire/maven-surefire-plugin/xsd/surefire-test-report.xsd" version="3.0.2" name="com.project.plantcare.PlantcareApplicationTests" time="1.745" tests="1" errors="0" skipped="0" failures="0" flakes="0">
  <properties>
[...]
</properties>
  <testcase name="contextLoads" classname="com.project.plantcare.PlantcareApplicationTests" time="0.604">
    <system-out><![CDATA[15:16:12.145 [main] INFO org.springframework.test.context.support.AnnotationConfigContextLoaderUtils -- Could not detect default configuration classes for test class [com.project.plantcare.PlantcareApplicationTests]: PlantcareApplicationTests does not declare any static, non-private, non-final, nested classes annotated with @Configuration.
15:16:12.241 [main] INFO org.springframework.boot.test.context.SpringBootTestContextBootstrapper -- Found @SpringBootConfiguration com.project.plantcare.PlantcareApplication for test class com.project.plantcare.PlantcareApplicationTests
15:16:12.360 [main] INFO org.springframework.test.context.support.AnnotationConfigContextLoaderUtils -- Could not detect default configuration classes for test class [com.project.plantcare.PlantcareApplicationTests]: PlantcareApplicationTests does not declare any static, non-private, non-final, nested classes annotated with @Configuration.
15:16:12.362 [main] INFO org.springframework.boot.test.context.SpringBootTestContextBootstrapper -- Found @SpringBootConfiguration com.project.plantcare.PlantcareApplication for test class com.project.plantcare.PlantcareApplicationTests

  .   ____          _            __ _ _
 /\\ / ___'_ __ _ _(_)_ __  __ _ \ \ \ \
( ( )\___ | '_ | '_| | '_ \/ _` | \ \ \ \
 \\/  ___)| |_)| | | | | || (_| |  ) ) ) )
  '  |____| .__|_| |_|_| |_\__, | / / / /
 =========|_|==============|___/=/_/_/_/

 :: Spring Boot ::                (v4.1.0)

2026-06-27T15:16:12.728+05:30  INFO 60804 --- [plantcare] [           main] c.p.plantcare.PlantcareApplicationTests  : Starting PlantcareApplicationTests using Java 17.0.17 with PID 60804 (started by harini in C:\Users\harini\Desktop\Application Development Project\plantcare)
2026-06-27T15:16:12.730+05:30  INFO 60804 --- [plantcare] [           main] c.p.plantcare.PlantcareApplicationTests  : No active profile set, falling back to 1 default profile: "default"
2026-06-27T15:16:13.071+05:30  INFO 60804 --- [plantcare] [           main] c.p.plantcare.PlantcareApplicationTests  : Started PlantcareApplicationTests in 0.634 seconds (process running for 1.824)
]]></system-out>
  </testcase>
</testsuite>